2025-09-01 00:02:03 [[32minfo[39m]: Server running on port 3000
2025-09-01 00:02:08 [[31merror[39m]: Database connection error: Can't reach database server at `aws-1-eu-north-1.pooler.supabase.com:5432`

Please make sure your database server is running at `aws-1-eu-north-1.pooler.supabase.com:5432`.
2025-09-01 00:02:14 [[32minfo[39m]: Server running on port 3000
2025-09-01 00:02:19 [[31merror[39m]: Database connection error: Can't reach database server at `aws-1-eu-north-1.pooler.supabase.com:5432`

Please make sure your database server is running at `aws-1-eu-north-1.pooler.supabase.com:5432`.
2025-09-01 00:02:19 [[31merror[39m]: unhandledRejection: Can't reach database server at `aws-1-eu-north-1.pooler.supabase.com:5432`

Please make sure your database server is running at `aws-1-eu-north-1.pooler.supabase.com:5432`.
PrismaClientInitializationError: Can't reach database server at `aws-1-eu-north-1.pooler.supabase.com:5432`

Please make sure your database server is running at `aws-1-eu-north-1.pooler.supabase.com:5432`.
    at r (/home/youssef/work/polaroid-wall/node_modules/@prisma/client/runtime/library.js:112:2770)
2025-09-01 00:02:19 [[31merror[39m]: Can't reach database server at `aws-1-eu-north-1.pooler.supabase.com:5432`

Please make sure your database server is running at `aws-1-eu-north-1.pooler.supabase.com:5432`.
2025-09-01 00:02:19 [[31merror[39m]: unhandledRejection: Can't reach database server at `aws-1-eu-north-1.pooler.supabase.com:5432`

Please make sure your database server is running at `aws-1-eu-north-1.pooler.supabase.com:5432`.
PrismaClientInitializationError: Can't reach database server at `aws-1-eu-north-1.pooler.supabase.com:5432`

Please make sure your database server is running at `aws-1-eu-north-1.pooler.supabase.com:5432`.
    at r (/home/youssef/work/polaroid-wall/node_modules/@prisma/client/runtime/library.js:112:2770)
2025-09-01 00:02:19 [[31merror[39m]: Can't reach database server at `aws-1-eu-north-1.pooler.supabase.com:5432`

Please make sure your database server is running at `aws-1-eu-north-1.pooler.supabase.com:5432`.
2025-09-01 00:02:19 [[31merror[39m]: unhandledRejection: Can't reach database server at `aws-1-eu-north-1.pooler.supabase.com:5432`

Please make sure your database server is running at `aws-1-eu-north-1.pooler.supabase.com:5432`.
PrismaClientInitializationError: Can't reach database server at `aws-1-eu-north-1.pooler.supabase.com:5432`

Please make sure your database server is running at `aws-1-eu-north-1.pooler.supabase.com:5432`.
    at r (/home/youssef/work/polaroid-wall/node_modules/@prisma/client/runtime/library.js:112:2770)
2025-09-01 00:02:19 [[31merror[39m]: Can't reach database server at `aws-1-eu-north-1.pooler.supabase.com:5432`

Please make sure your database server is running at `aws-1-eu-north-1.pooler.supabase.com:5432`.
2025-09-01 00:02:24 [[32minfo[39m]: Server running on port 3000
2025-09-01 00:02:29 [[31merror[39m]: Database connection error: Can't reach database server at `aws-1-eu-north-1.pooler.supabase.com:5432`

Please make sure your database server is running at `aws-1-eu-north-1.pooler.supabase.com:5432`.
2025-09-01 00:03:13 [[32minfo[39m]: Server running on port 3000
2025-09-01 00:03:14 [[31merror[39m]: Database connection error: Can't reach database server at `db.lzhdoejoffdyxbecvnnz.supabase.co:5432`

Please make sure your database server is running at `db.lzhdoejoffdyxbecvnnz.supabase.co:5432`.
2025-09-01 00:03:39 [[32minfo[39m]: Server running on port 3000
2025-09-01 00:03:44 [[31merror[39m]: Database connection error: Can't reach database server at `aws-1-eu-north-1.pooler.supabase.com:5432`

Please make sure your database server is running at `aws-1-eu-north-1.pooler.supabase.com:5432`.
2025-09-01 00:03:48 [[32minfo[39m]: Server running on port 3000
2025-09-01 00:03:53 [[31merror[39m]: Database connection error: Can't reach database server at `aws-1-eu-north-1.pooler.supabase.com:5432`

Please make sure your database server is running at `aws-1-eu-north-1.pooler.supabase.com:5432`.
2025-09-01 00:05:47 [[32minfo[39m]: Server running on port 3000
2025-09-01 00:05:50 [[32minfo[39m]: Database connected successfully
2025-09-01 00:29:01 [[32minfo[39m]: Server running on port 3000
2025-09-01 00:29:02 [[32minfo[39m]: Database connected successfully
2025-09-01 00:29:13 [[32minfo[39m]: Server running on port 3000
2025-09-01 00:29:14 [[32minfo[39m]: Database connected successfully
2025-09-01 00:31:31 [[32minfo[39m]: Server running on port 3000
2025-09-01 00:31:31 [[32minfo[39m]: Database connected successfully
2025-09-01 00:32:48 [[32minfo[39m]: Server running on port 3000
2025-09-01 00:32:49 [[32minfo[39m]: Database connected successfully
2025-09-01 00:33:55 [[32minfo[39m]: Server running on port 3000
2025-09-01 00:33:56 [[32minfo[39m]: Database connected successfully
2025-09-01 00:35:02 [[32minfo[39m]: Server running on port 3000
2025-09-01 00:35:03 [[32minfo[39m]: Database connected successfully
2025-09-01 00:37:21 [[32minfo[39m]: Server running on port 3000
2025-09-01 00:37:22 [[32minfo[39m]: Database connected successfully
2025-09-01 00:37:30 [[32minfo[39m]: A user connected via Socket.IO
2025-09-01 00:37:31 [[32minfo[39m]: A user disconnected
2025-09-01 00:37:31 [[32minfo[39m]: A user connected via Socket.IO
2025-09-01 00:37:34 [[32minfo[39m]: A user disconnected
2025-09-01 00:37:34 [[32minfo[39m]: A user connected via Socket.IO
2025-09-01 00:38:17 [[32minfo[39m]: A user disconnected
2025-09-01 00:38:17 [[32minfo[39m]: A user connected via Socket.IO
2025-09-01 00:38:19 [[32minfo[39m]: A user disconnected
2025-09-01 00:38:19 [[32minfo[39m]: A user connected via Socket.IO
2025-09-01 00:39:16 [[32minfo[39m]: A user disconnected
2025-09-01 00:39:16 [[32minfo[39m]: A user connected via Socket.IO
2025-09-01 00:39:31 [[32minfo[39m]: A user disconnected
2025-09-01 00:39:31 [[32minfo[39m]: A user connected via Socket.IO
2025-09-01 00:39:33 [[32minfo[39m]: A user disconnected
2025-09-01 00:39:33 [[32minfo[39m]: A user connected via Socket.IO
2025-09-01 00:41:44 [[32minfo[39m]: Server running on port 3000
2025-09-01 00:41:45 [[32minfo[39m]: Database connected successfully
2025-09-01 00:41:45 [[32minfo[39m]: A user connected via Socket.IO
2025-09-01 00:42:02 [[32minfo[39m]: A user connected via Socket.IO
2025-09-01 00:42:11 [[32minfo[39m]: A user disconnected
2025-09-01 00:42:11 [[32minfo[39m]: A user connected via Socket.IO
2025-09-01 00:42:25 [[32minfo[39m]: A user disconnected
2025-09-01 00:42:25 [[32minfo[39m]: A user connected via Socket.IO
2025-09-01 00:42:31 [[32minfo[39m]: A user disconnected
2025-09-01 00:42:32 [[32minfo[39m]: A user connected via Socket.IO
2025-09-01 00:42:42 [[32minfo[39m]: A user disconnected
2025-09-01 00:42:42 [[32minfo[39m]: A user connected via Socket.IO
2025-09-01 00:42:43 [[32minfo[39m]: A user disconnected
2025-09-01 00:42:43 [[32minfo[39m]: A user connected via Socket.IO
2025-09-01 00:42:46 [[32minfo[39m]: A user disconnected
2025-09-01 00:42:46 [[32minfo[39m]: A user connected via Socket.IO
2025-09-01 00:42:47 [[32minfo[39m]: A user disconnected
2025-09-01 00:42:47 [[32minfo[39m]: A user connected via Socket.IO
2025-09-01 00:43:16 [[32minfo[39m]: A user disconnected
2025-09-01 00:43:16 [[32minfo[39m]: A user connected via Socket.IO
2025-09-01 00:43:17 [[32minfo[39m]: A user disconnected
2025-09-01 00:43:17 [[32minfo[39m]: A user connected via Socket.IO
2025-09-01 00:43:18 [[32minfo[39m]: A user disconnected
2025-09-01 00:43:18 [[32minfo[39m]: A user connected via Socket.IO
2025-09-01 00:47:16 [[32minfo[39m]: A user disconnected
2025-09-01 00:47:16 [[32minfo[39m]: A user connected via Socket.IO
2025-09-01 00:50:52 [[32minfo[39m]: Server running on port 3000
2025-09-01 00:50:53 [[32minfo[39m]: Database connected successfully
2025-09-01 00:50:53 [[32minfo[39m]: A user connected via Socket.IO
2025-09-01 00:50:53 [[32minfo[39m]: A user connected via Socket.IO
2025-09-01 00:50:56 [[32minfo[39m]: Server running on port 3000
2025-09-01 00:50:56 [[32minfo[39m]: Database connected successfully
2025-09-01 00:50:57 [[32minfo[39m]: A user connected via Socket.IO
2025-09-01 00:50:57 [[32minfo[39m]: A user connected via Socket.IO
2025-09-01 00:51:03 [[32minfo[39m]: A user disconnected
2025-09-01 00:51:03 [[32minfo[39m]: A user connected via Socket.IO
2025-09-01 00:52:39 [[32minfo[39m]: Server running on port 3000
2025-09-01 00:52:40 [[32minfo[39m]: Database connected successfully
2025-09-01 00:52:40 [[32minfo[39m]: A user connected via Socket.IO
2025-09-01 00:52:40 [[32minfo[39m]: A user connected via Socket.IO
2025-09-01 00:54:05 [[32minfo[39m]: Server running on port 3000
2025-09-01 00:54:06 [[32minfo[39m]: A user connected via Socket.IO
2025-09-01 00:54:06 [[32minfo[39m]: A user connected via Socket.IO
2025-09-01 00:54:06 [[32minfo[39m]: Database connected successfully
2025-09-01 00:54:30 [[32minfo[39m]: Server running on port 3000
2025-09-01 00:54:31 [[32minfo[39m]: Database connected successfully
2025-09-01 00:54:31 [[32minfo[39m]: A user connected via Socket.IO
2025-09-01 00:54:31 [[32minfo[39m]: A user connected via Socket.IO
2025-09-01 00:54:53 [[32minfo[39m]: Server running on port 3000
2025-09-01 00:54:54 [[32minfo[39m]: Database connected successfully
2025-09-01 00:54:54 [[32minfo[39m]: A user connected via Socket.IO
2025-09-01 00:54:54 [[32minfo[39m]: A user connected via Socket.IO
2025-09-01 00:55:01 [[32minfo[39m]: A user disconnected
2025-09-01 00:55:01 [[32minfo[39m]: A user connected via Socket.IO
2025-09-01 00:55:30 [[32minfo[39m]: A user disconnected
2025-09-01 00:55:34 [[32minfo[39m]: A user connected via Socket.IO
2025-09-01 00:55:34 [[32minfo[39m]: A user connected via Socket.IO
2025-09-01 00:55:37 [[32minfo[39m]: A user disconnected
2025-09-01 00:55:37 [[32minfo[39m]: A user connected via Socket.IO
2025-09-01 00:55:44 [[32minfo[39m]: A user disconnected
2025-09-01 00:55:47 [[32minfo[39m]: A user connected via Socket.IO
2025-09-01 00:55:47 [[32minfo[39m]: A user connected via Socket.IO
2025-09-01 00:56:13 [[32minfo[39m]: A user disconnected
2025-09-01 00:56:28 [[32minfo[39m]: A user disconnected
2025-09-01 01:00:37 [[32minfo[39m]: A user disconnected
2025-09-01 01:00:37 [[32minfo[39m]: A user disconnected
2025-09-01 01:00:40 [[32minfo[39m]: A user connected via Socket.IO
2025-09-01 01:00:40 [[32minfo[39m]: A user connected via Socket.IO
2025-09-01 01:06:24 [[32minfo[39m]: A user disconnected
2025-09-01 01:06:24 [[32minfo[39m]: A user connected via Socket.IO
2025-09-01 01:11:13 [[32minfo[39m]: A user disconnected
2025-09-01 01:29:24 [[32minfo[39m]: A user disconnected
2025-09-01 01:29:26 [[32minfo[39m]: A user connected via Socket.IO
2025-09-01 01:40:11 [[32minfo[39m]: A user disconnected
2025-09-01 09:41:04 [[32minfo[39m]: Server running on port 3000
2025-09-01 09:41:05 [[32minfo[39m]: Database connected successfully
2025-09-01 09:42:35 [[32minfo[39m]: Server running on port 3000
2025-09-01 09:42:35 [[32minfo[39m]: Database connected successfully
2025-09-01 09:43:24 [[31merror[39m]: listen EADDRINUSE: address already in use 0.0.0.0:3000
2025-09-01 09:43:42 [[32minfo[39m]: Server running on port 3000
2025-09-01 09:43:43 [[32minfo[39m]: Database connected successfully
2025-09-01 09:43:55 [[32minfo[39m]: A user connected via Socket.IO
2025-09-01 09:43:56 [[32minfo[39m]: A user disconnected
2025-09-01 09:43:56 [[32minfo[39m]: A user connected via Socket.IO
2025-09-01 09:44:04 [[32minfo[39m]: A user disconnected
2025-09-01 09:44:04 [[32minfo[39m]: A user connected via Socket.IO
2025-09-01 09:45:23 [[32minfo[39m]: A user disconnected
2025-09-01 09:45:23 [[32minfo[39m]: A user connected via Socket.IO
2025-09-01 09:45:53 [[32minfo[39m]: A user disconnected
2025-09-01 09:45:53 [[32minfo[39m]: A user connected via Socket.IO
2025-09-01 09:45:55 [[32minfo[39m]: A user disconnected
2025-09-01 09:45:55 [[32minfo[39m]: A user connected via Socket.IO
2025-09-01 09:47:00 [[32minfo[39m]: A user disconnected
2025-09-01 09:47:03 [[32minfo[39m]: A user connected via Socket.IO
2025-09-01 09:47:13 [[32minfo[39m]: A user disconnected
2025-09-01 09:47:13 [[32minfo[39m]: A user connected via Socket.IO
2025-09-01 09:50:03 [[32minfo[39m]: Server running on port 3000
2025-09-01 09:50:04 [[32minfo[39m]: Database connected successfully
2025-09-01 09:50:04 [[32minfo[39m]: A user connected via Socket.IO
2025-09-01 09:50:16 [[32minfo[39m]: Server running on port 3000
2025-09-01 09:50:17 [[32minfo[39m]: Database connected successfully
2025-09-01 09:50:17 [[32minfo[39m]: A user connected via Socket.IO
2025-09-01 09:50:34 [[32minfo[39m]: Server running on port 3000
2025-09-01 09:50:35 [[32minfo[39m]: Database connected successfully
2025-09-01 09:50:35 [[32minfo[39m]: A user connected via Socket.IO
2025-09-01 09:50:50 [[32minfo[39m]: Server running on port 3000
2025-09-01 09:50:50 [[32minfo[39m]: Database connected successfully
2025-09-01 09:50:51 [[32minfo[39m]: A user connected via Socket.IO
2025-09-01 09:51:03 [[32minfo[39m]: Server running on port 3000
2025-09-01 09:51:04 [[32minfo[39m]: Database connected successfully
2025-09-01 09:51:04 [[32minfo[39m]: A user connected via Socket.IO
2025-09-01 09:51:20 [[32minfo[39m]: Server running on port 3000
2025-09-01 09:51:21 [[32minfo[39m]: Server running on port 3000
2025-09-01 09:51:22 [[32minfo[39m]: A user connected via Socket.IO
2025-09-01 09:51:22 [[32minfo[39m]: Database connected successfully
2025-09-01 09:57:56 [[32minfo[39m]: Server running on port 3000
2025-09-01 09:57:56 [[32minfo[39m]: A user connected via Socket.IO
2025-09-01 09:57:57 [[32minfo[39m]: Database connected successfully
2025-09-01 09:57:58 [[32minfo[39m]: Server running on port 3000
2025-09-01 09:57:58 [[32minfo[39m]: A user connected via Socket.IO
2025-09-01 09:57:58 [[32minfo[39m]: Database connected successfully
2025-09-01 09:58:04 [[32minfo[39m]: A user disconnected
2025-09-01 09:58:04 [[32minfo[39m]: A user connected via Socket.IO
2025-09-01 10:01:22 [[32minfo[39m]: Server running on port 3000
2025-09-01 10:01:22 [[32minfo[39m]: Database connected successfully
2025-09-01 10:01:23 [[32minfo[39m]: A user connected via Socket.IO
2025-09-01 10:01:52 [[32minfo[39m]: A user disconnected
2025-09-01 10:01:52 [[32minfo[39m]: A user connected via Socket.IO
2025-09-01 10:01:58 [[32minfo[39m]: A user disconnected
2025-09-01 10:01:59 [[32minfo[39m]: A user connected via Socket.IO
2025-09-01 10:02:18 [[32minfo[39m]: A user disconnected
2025-09-01 10:03:15 [[32minfo[39m]: A user connected via Socket.IO
2025-09-01 10:03:27 [[32minfo[39m]: A user disconnected
2025-09-01 10:03:30 [[32minfo[39m]: A user connected via Socket.IO
2025-09-01 10:03:32 [[32minfo[39m]: A user disconnected
2025-09-01 10:03:35 [[32minfo[39m]: A user connected via Socket.IO
2025-09-01 10:03:36 [[32minfo[39m]: A user connected via Socket.IO
2025-09-01 10:03:40 [[32minfo[39m]: A user disconnected
2025-09-01 10:04:02 [[32minfo[39m]: A user connected via Socket.IO
2025-09-01 10:04:19 [[32minfo[39m]: A user disconnected
2025-09-01 10:04:28 [[32minfo[39m]: A user disconnected
2025-09-01 10:04:28 [[32minfo[39m]: A user connected via Socket.IO
2025-09-01 10:04:42 [[32minfo[39m]: A user disconnected
2025-09-01 10:04:42 [[32minfo[39m]: A user connected via Socket.IO
2025-09-01 10:04:47 [[32minfo[39m]: A user disconnected
2025-09-01 10:04:47 [[32minfo[39m]: A user connected via Socket.IO
2025-09-01 10:04:48 [[32minfo[39m]: A user disconnected
2025-09-01 10:04:48 [[32minfo[39m]: A user connected via Socket.IO
2025-09-01 10:04:49 [[32minfo[39m]: A user disconnected
2025-09-01 10:04:49 [[32minfo[39m]: A user connected via Socket.IO
2025-09-01 10:04:50 [[32minfo[39m]: A user disconnected
2025-09-01 10:04:50 [[32minfo[39m]: A user connected via Socket.IO
2025-09-01 10:04:54 [[32minfo[39m]: A user disconnected
2025-09-01 10:04:54 [[32minfo[39m]: A user connected via Socket.IO
2025-09-01 10:04:55 [[32minfo[39m]: A user disconnected
2025-09-01 10:04:55 [[32minfo[39m]: A user connected via Socket.IO
2025-09-01 10:05:04 [[32minfo[39m]: A user disconnected
2025-09-01 10:05:04 [[32minfo[39m]: A user connected via Socket.IO
2025-09-01 10:05:05 [[32minfo[39m]: A user disconnected
2025-09-01 10:05:05 [[32minfo[39m]: A user connected via Socket.IO
2025-09-01 10:05:07 [[32minfo[39m]: A user disconnected
2025-09-01 10:08:48 [[32minfo[39m]: Server running on port 3000
2025-09-01 10:08:48 [[32minfo[39m]: Database connected successfully
2025-09-01 10:08:50 [[32minfo[39m]: Server running on port 3000
2025-09-01 10:08:51 [[32minfo[39m]: Database connected successfully
2025-09-01 10:09:02 [[32minfo[39m]: Server running on port 3000
2025-09-01 10:09:03 [[32minfo[39m]: Database connected successfully
2025-09-01 10:09:21 [[32minfo[39m]: Server running on port 3000
2025-09-01 10:09:21 [[32minfo[39m]: Database connected successfully
2025-09-01 10:09:24 [[32minfo[39m]: Server running on port 3000
2025-09-01 10:09:25 [[32minfo[39m]: Database connected successfully
2025-09-01 10:10:08 [[32minfo[39m]: A user connected via Socket.IO
2025-09-01 10:10:24 [[32minfo[39m]: A user disconnected
2025-09-01 10:10:24 [[32minfo[39m]: A user connected via Socket.IO
2025-09-01 10:11:07 [[32minfo[39m]: A user disconnected
2025-09-01 10:11:08 [[32minfo[39m]: A user connected via Socket.IO
2025-09-01 10:16:25 [[32minfo[39m]: Server running on port 3000
2025-09-01 10:16:26 [[32minfo[39m]: Database connected successfully
2025-09-01 10:16:26 [[32minfo[39m]: A user connected via Socket.IO
2025-09-01 10:19:09 [[32minfo[39m]: Server running on port 3000
2025-09-01 10:19:10 [[32minfo[39m]: A user connected via Socket.IO
2025-09-01 10:19:10 [[32minfo[39m]: Database connected successfully
2025-09-01 10:19:21 [[32minfo[39m]: A user disconnected
2025-09-01 10:19:21 [[32minfo[39m]: A user connected via Socket.IO
2025-09-01 10:30:21 [[32minfo[39m]: A user disconnected
2025-09-01 10:30:21 [[32minfo[39m]: A user connected via Socket.IO
2025-09-01 10:30:26 [[32minfo[39m]: A user disconnected
2025-09-01 10:30:26 [[32minfo[39m]: A user connected via Socket.IO
2025-09-01 10:37:31 [[32minfo[39m]: Server running on port 3000
2025-09-01 10:37:32 [[32minfo[39m]: A user connected via Socket.IO
2025-09-01 10:37:32 [[32minfo[39m]: Database connected successfully
2025-09-01 10:37:37 [[32minfo[39m]: Server running on port 3000
2025-09-01 10:37:38 [[32minfo[39m]: Database connected successfully
2025-09-01 10:37:38 [[32minfo[39m]: A user connected via Socket.IO
2025-09-01 10:38:07 [[32minfo[39m]: A user disconnected
2025-09-01 10:38:07 [[32minfo[39m]: A user connected via Socket.IO
2025-09-01 10:38:11 [[32minfo[39m]: A user disconnected
2025-09-01 10:38:12 [[32minfo[39m]: A user connected via Socket.IO
2025-09-01 10:38:27 [[32minfo[39m]: A user disconnected
2025-09-01 10:38:27 [[32minfo[39m]: A user connected via Socket.IO
2025-09-01 10:38:31 [[32minfo[39m]: A user disconnected
2025-09-01 10:38:31 [[32minfo[39m]: A user connected via Socket.IO
2025-09-01 10:38:49 [[32minfo[39m]: A user disconnected
2025-09-01 10:38:49 [[32minfo[39m]: A user connected via Socket.IO
2025-09-01 10:39:35 [[32minfo[39m]: A user disconnected
2025-09-01 10:39:35 [[32minfo[39m]: A user connected via Socket.IO
2025-09-01 10:41:47 [[32minfo[39m]: A user disconnected
2025-09-01 10:41:47 [[32minfo[39m]: A user connected via Socket.IO
2025-09-01 10:41:56 [[32minfo[39m]: A user disconnected
2025-09-01 10:41:56 [[32minfo[39m]: A user connected via Socket.IO
2025-09-01 10:42:03 [[32minfo[39m]: A user disconnected
2025-09-01 10:42:03 [[32minfo[39m]: A user connected via Socket.IO
2025-09-01 10:42:10 [[32minfo[39m]: A user connected via Socket.IO
2025-09-01 10:44:28 [[32minfo[39m]: Server running on port 3000
2025-09-01 10:44:28 [[32minfo[39m]: A user connected via Socket.IO
2025-09-01 10:44:28 [[32minfo[39m]: Database connected successfully
2025-09-01 10:44:29 [[32minfo[39m]: A user connected via Socket.IO
2025-09-01 10:45:09 [[32minfo[39m]: Server running on port 3000
2025-09-01 10:45:10 [[32minfo[39m]: Database connected successfully
2025-09-01 10:45:10 [[32minfo[39m]: A user connected via Socket.IO
2025-09-01 10:45:11 [[32minfo[39m]: A user connected via Socket.IO
2025-09-01 10:45:22 [[32minfo[39m]: Server running on port 3000
2025-09-01 10:45:23 [[32minfo[39m]: Database connected successfully
2025-09-01 10:45:23 [[32minfo[39m]: A user connected via Socket.IO
2025-09-01 10:45:23 [[32minfo[39m]: A user connected via Socket.IO
2025-09-01 10:45:32 [[32minfo[39m]: A user disconnected
2025-09-01 10:45:32 [[32minfo[39m]: A user connected via Socket.IO
2025-09-01 10:45:52 [[32minfo[39m]: A user disconnected
2025-09-01 10:46:08 [[32minfo[39m]: A user connected via Socket.IO
2025-09-01 10:46:11 [[32minfo[39m]: A user disconnected
2025-09-01 10:46:14 [[32minfo[39m]: A user connected via Socket.IO
2025-09-01 10:46:16 [[32minfo[39m]: A user disconnected
2025-09-01 10:52:31 [[32minfo[39m]: A user disconnected
2025-09-01 10:54:06 [[32minfo[39m]: A user connected via Socket.IO
2025-09-01 10:54:13 [[32minfo[39m]: A user connected via Socket.IO
2025-09-01 10:54:23 [[32minfo[39m]: A user disconnected
2025-09-01 10:55:11 [[32minfo[39m]: A user connected via Socket.IO
2025-09-01 10:56:55 [[32minfo[39m]: A user disconnected
2025-09-01 10:56:55 [[32minfo[39m]: A user connected via Socket.IO
2025-09-01 10:56:58 [[32minfo[39m]: A user disconnected
2025-09-01 10:56:58 [[32minfo[39m]: A user connected via Socket.IO
2025-09-01 10:57:45 [[32minfo[39m]: A user connected via Socket.IO
2025-09-01 11:00:16 [[32minfo[39m]: Server running on port 3000
2025-09-01 11:00:17 [[32minfo[39m]: Database connected successfully
2025-09-01 11:00:18 [[32minfo[39m]: A user connected via Socket.IO
2025-09-01 11:00:18 [[32minfo[39m]: A user connected via Socket.IO
2025-09-01 11:00:18 [[32minfo[39m]: A user connected via Socket.IO
2025-09-01 11:05:17 [[32minfo[39m]: A user disconnected
2025-09-01 11:05:17 [[32minfo[39m]: A user connected via Socket.IO
2025-09-01 11:05:38 [[32minfo[39m]: A user disconnected
2025-09-01 11:05:39 [[32minfo[39m]: A user connected via Socket.IO
2025-09-01 11:05:59 [[32minfo[39m]: A user disconnected
2025-09-01 11:05:59 [[32minfo[39m]: A user connected via Socket.IO
2025-09-01 11:06:04 [[32minfo[39m]: A user disconnected
2025-09-01 11:06:04 [[32minfo[39m]: A user connected via Socket.IO
2025-09-01 11:06:06 [[32minfo[39m]: A user disconnected
2025-09-01 11:06:06 [[32minfo[39m]: A user connected via Socket.IO
2025-09-01 11:06:07 [[32minfo[39m]: A user disconnected
2025-09-01 11:06:07 [[32minfo[39m]: A user connected via Socket.IO
2025-09-01 11:06:07 [[32minfo[39m]: A user disconnected
2025-09-01 11:06:07 [[32minfo[39m]: A user connected via Socket.IO
2025-09-01 11:06:08 [[32minfo[39m]: A user disconnected
2025-09-01 11:06:08 [[32minfo[39m]: A user connected via Socket.IO
2025-09-01 11:06:11 [[32minfo[39m]: A user disconnected
2025-09-01 11:06:11 [[32minfo[39m]: A user connected via Socket.IO
2025-09-01 11:06:11 [[32minfo[39m]: A user disconnected
2025-09-01 11:06:11 [[32minfo[39m]: A user connected via Socket.IO
2025-09-01 11:06:12 [[32minfo[39m]: A user disconnected
2025-09-01 11:06:12 [[32minfo[39m]: A user connected via Socket.IO
2025-09-01 11:09:43 [[32minfo[39m]: A user disconnected
2025-09-01 11:09:43 [[32minfo[39m]: A user connected via Socket.IO
2025-09-01 11:13:52 [[32minfo[39m]: A user disconnected
2025-09-01 11:13:53 [[32minfo[39m]: A user connected via Socket.IO
2025-09-01 11:16:04 [[32minfo[39m]: A user disconnected
2025-09-01 11:19:32 [[32minfo[39m]: Server running on port 3000
2025-09-01 11:19:32 [[32minfo[39m]: Database connected successfully
2025-09-01 11:19:32 [[32minfo[39m]: A user connected via Socket.IO
2025-09-01 11:19:34 [[32minfo[39m]: A user connected via Socket.IO
2025-09-01 11:19:49 [[32minfo[39m]: Server running on port 3000
2025-09-01 11:19:50 [[32minfo[39m]: Database connected successfully
2025-09-01 11:19:50 [[32minfo[39m]: A user connected via Socket.IO
2025-09-01 11:19:50 [[32minfo[39m]: A user connected via Socket.IO
2025-09-01 11:20:02 [[32minfo[39m]: Server running on port 3000
2025-09-01 11:20:03 [[32minfo[39m]: Database connected successfully
2025-09-01 11:20:04 [[32minfo[39m]: A user connected via Socket.IO
2025-09-01 11:20:04 [[32minfo[39m]: A user connected via Socket.IO
2025-09-01 11:20:34 [[32minfo[39m]: A user connected via Socket.IO
2025-09-01 11:20:35 [[32minfo[39m]: A user disconnected
2025-09-01 11:20:35 [[32minfo[39m]: A user connected via Socket.IO
2025-09-01 11:20:39 [[32minfo[39m]: A user disconnected
2025-09-01 11:20:39 [[32minfo[39m]: A user connected via Socket.IO
2025-09-01 11:21:12 [[32minfo[39m]: A user disconnected
2025-09-01 11:23:27 [[32minfo[39m]: A user connected via Socket.IO
2025-09-01 11:30:40 [[32minfo[39m]: A user disconnected
2025-09-01 11:34:10 [[32minfo[39m]: A user disconnected
2025-09-01 11:36:52 [[32minfo[39m]: Server running on port 3000
2025-09-01 11:36:52 [[32minfo[39m]: Database connected successfully
2025-09-01 11:36:53 [[32minfo[39m]: A user connected via Socket.IO
2025-09-01 11:36:56 [[32minfo[39m]: Server running on port 3000
2025-09-01 11:36:57 [[32minfo[39m]: Database connected successfully
2025-09-01 11:36:57 [[32minfo[39m]: A user connected via Socket.IO
2025-09-01 11:37:18 [[32minfo[39m]: Server running on port 3000
2025-09-01 11:37:18 [[32minfo[39m]: Database connected successfully
2025-09-01 11:37:19 [[32minfo[39m]: A user connected via Socket.IO
2025-09-01 11:37:24 [[32minfo[39m]: Server running on port 3000
2025-09-01 11:37:24 [[32minfo[39m]: Database connected successfully
2025-09-01 11:37:25 [[32minfo[39m]: A user connected via Socket.IO
2025-09-01 11:50:48 [[32minfo[39m]: Server running on port 3000
2025-09-01 11:50:49 [[32minfo[39m]: A user connected via Socket.IO
2025-09-01 11:50:49 [[32minfo[39m]: Database connected successfully
2025-09-01 11:50:56 [[32minfo[39m]: A user connected via Socket.IO
2025-09-01 11:50:58 [[32minfo[39m]: A user disconnected
2025-09-01 11:50:58 [[32minfo[39m]: A user connected via Socket.IO
2025-09-01 11:51:02 [[32minfo[39m]: A user disconnected
2025-09-01 12:00:24 [[32minfo[39m]: Server running on port 3000
2025-09-01 12:00:23 [[32minfo[39m]: Database connected successfully
2025-09-01 12:00:24 [[32minfo[39m]: A user connected via Socket.IO
2025-09-01 12:00:31 [[32minfo[39m]: Server running on port 3000
2025-09-01 12:00:32 [[32minfo[39m]: Database connected successfully
2025-09-01 12:00:33 [[32minfo[39m]: A user connected via Socket.IO
2025-09-01 12:00:43 [[32minfo[39m]: Server running on port 3000
2025-09-01 12:00:44 [[32minfo[39m]: Database connected successfully
2025-09-01 12:00:44 [[32minfo[39m]: A user connected via Socket.IO
2025-09-01 12:02:28 [[32minfo[39m]: A user connected via Socket.IO
2025-09-01 12:02:33 [[32minfo[39m]: A user disconnected
2025-09-01 12:02:36 [[32minfo[39m]: A user connected via Socket.IO
2025-09-01 12:02:41 [[32minfo[39m]: A user connected via Socket.IO
2025-09-01 12:02:44 [[32minfo[39m]: A user disconnected
2025-09-01 12:02:44 [[32minfo[39m]: A user connected via Socket.IO
2025-09-01 12:02:50 [[32minfo[39m]: A user connected via Socket.IO
2025-09-01 12:02:54 [[32minfo[39m]: A user disconnected
2025-09-01 12:02:54 [[32minfo[39m]: A user connected via Socket.IO
2025-09-01 12:02:56 [[32minfo[39m]: A user disconnected
2025-09-01 12:04:32 [[32minfo[39m]: A user connected via Socket.IO
2025-09-01 12:04:33 [[32minfo[39m]: A user connected via Socket.IO
2025-09-01 12:04:34 [[32minfo[39m]: A user disconnected
2025-09-01 12:04:38 [[32minfo[39m]: A user connected via Socket.IO
2025-09-01 12:04:38 [[32minfo[39m]: A user disconnected
2025-09-01 12:04:39 [[32minfo[39m]: A user connected via Socket.IO
2025-09-01 12:04:41 [[32minfo[39m]: A user disconnected
2025-09-01 12:14:27 [[32minfo[39m]: Server running on port 3000
2025-09-01 12:14:28 [[32minfo[39m]: A user connected via Socket.IO
2025-09-01 12:14:28 [[32minfo[39m]: A user connected via Socket.IO
2025-09-01 12:14:28 [[32minfo[39m]: A user connected via Socket.IO
2025-09-01 12:14:28 [[32minfo[39m]: A user connected via Socket.IO
2025-09-01 12:14:28 [[32minfo[39m]: Database connected successfully
2025-09-01 12:15:55 [[32minfo[39m]: A user connected via Socket.IO
2025-09-01 12:15:56 [[32minfo[39m]: A user connected via Socket.IO
2025-09-01 12:15:59 [[32minfo[39m]: A user disconnected
2025-09-01 12:15:59 [[32minfo[39m]: A user connected via Socket.IO
2025-09-01 12:16:02 [[32minfo[39m]: A user disconnected
2025-09-01 12:16:02 [[32minfo[39m]: A user connected via Socket.IO
2025-09-01 12:16:21 [[32minfo[39m]: A user disconnected
2025-09-01 12:16:22 [[32minfo[39m]: A user connected via Socket.IO
2025-09-01 12:16:34 [[32minfo[39m]: A user disconnected
2025-09-01 12:17:14 [[32minfo[39m]: Server running on port 3000
2025-09-01 12:17:15 [[32minfo[39m]: Database connected successfully
2025-09-01 12:17:18 [[32minfo[39m]: A user connected via Socket.IO
2025-09-01 12:17:18 [[32minfo[39m]: A user connected via Socket.IO
2025-09-01 12:17:19 [[32minfo[39m]: A user connected via Socket.IO
2025-09-01 12:18:55 [[32minfo[39m]: Server running on port 3000
2025-09-01 12:19:00 [[31merror[39m]: Database connection error: Can't reach database server at `aws-1-eu-north-1.pooler.supabase.com:5432`

Please make sure your database server is running at `aws-1-eu-north-1.pooler.supabase.com:5432`.
2025-09-01 12:18:59 [[32minfo[39m]: A user connected via Socket.IO
2025-09-01 12:18:59 [[32minfo[39m]: A user connected via Socket.IO
2025-09-01 12:19:00 [[32minfo[39m]: A user connected via Socket.IO
2025-09-01 12:22:53 [[32minfo[39m]: Server running on port 3000
2025-09-01 12:22:53 [[32minfo[39m]: Database connected successfully
2025-09-01 12:22:53 [[32minfo[39m]: A user connected via Socket.IO
2025-09-01 12:22:53 [[32minfo[39m]: A user connected via Socket.IO
2025-09-01 12:22:57 [[32minfo[39m]: A user connected via Socket.IO
2025-09-01 12:38:05 [[32minfo[39m]: Server running on port 3000
2025-09-01 12:38:06 [[32minfo[39m]: Database connected successfully
2025-09-01 12:38:07 [[32minfo[39m]: A user connected via Socket.IO
2025-09-01 12:38:07 [[32minfo[39m]: A user connected via Socket.IO
2025-09-01 12:38:07 [[32minfo[39m]: A user connected via Socket.IO
2025-09-01 12:38:09 [[32minfo[39m]: A user connected via Socket.IO
2025-09-01 12:38:19 [[32minfo[39m]: A user disconnected
2025-09-01 12:38:19 [[32minfo[39m]: A user connected via Socket.IO
2025-09-01 12:38:22 [[32minfo[39m]: A user disconnected
2025-09-01 12:38:53 [[32minfo[39m]: A user connected via Socket.IO
2025-09-01 12:39:31 [[32minfo[39m]: Server running on port 3000
2025-09-01 12:39:31 [[32minfo[39m]: A user connected via Socket.IO
2025-09-01 12:39:31 [[32minfo[39m]: A user connected via Socket.IO
2025-09-01 12:39:31 [[32minfo[39m]: A user connected via Socket.IO
2025-09-01 12:39:31 [[32minfo[39m]: A user connected via Socket.IO
2025-09-01 12:39:31 [[32minfo[39m]: Database connected successfully
2025-09-01 12:39:52 [[32minfo[39m]: Server running on port 3000
2025-09-01 12:39:52 [[32minfo[39m]: A user connected via Socket.IO
2025-09-01 12:39:52 [[32minfo[39m]: A user connected via Socket.IO
2025-09-01 12:39:52 [[32minfo[39m]: A user connected via Socket.IO
2025-09-01 12:39:52 [[32minfo[39m]: Database connected successfully
2025-09-01 12:39:53 [[32minfo[39m]: A user connected via Socket.IO
2025-09-01 12:40:08 [[32minfo[39m]: Server running on port 3000
2025-09-01 12:40:09 [[32minfo[39m]: Database connected successfully
2025-09-01 12:40:09 [[32minfo[39m]: A user connected via Socket.IO
2025-09-01 12:40:10 [[32minfo[39m]: A user connected via Socket.IO
2025-09-01 12:40:08 [[32minfo[39m]: A user connected via Socket.IO
2025-09-01 12:40:08 [[32minfo[39m]: A user connected via Socket.IO
2025-09-01 12:40:09 [[32minfo[39m]: A user disconnected
2025-09-01 12:40:10 [[32minfo[39m]: A user connected via Socket.IO
2025-09-01 12:40:11 [[32minfo[39m]: A user disconnected
2025-09-01 12:40:11 [[32minfo[39m]: A user connected via Socket.IO
2025-09-01 12:40:12 [[32minfo[39m]: A user disconnected
2025-09-01 12:40:12 [[32minfo[39m]: A user connected via Socket.IO
2025-09-01 12:43:45 [[32minfo[39m]: Server running on port 3000
2025-09-01 12:43:46 [[32minfo[39m]: Database connected successfully
2025-09-01 12:43:46 [[32minfo[39m]: A user connected via Socket.IO
2025-09-01 12:43:46 [[32minfo[39m]: A user connected via Socket.IO
2025-09-01 12:43:46 [[32minfo[39m]: A user connected via Socket.IO
2025-09-01 12:43:46 [[32minfo[39m]: A user connected via Socket.IO
2025-09-01 12:43:54 [[32minfo[39m]: A user disconnected
2025-09-01 12:43:55 [[32minfo[39m]: A user connected via Socket.IO
2025-09-01 12:43:56 [[32minfo[39m]: A user disconnected
2025-09-01 12:43:56 [[32minfo[39m]: A user connected via Socket.IO
2025-09-01 12:46:27 [[32minfo[39m]: A user disconnected
2025-09-01 12:46:27 [[32minfo[39m]: A user connected via Socket.IO
2025-09-01 12:46:28 [[32minfo[39m]: A user disconnected
2025-09-01 12:46:29 [[32minfo[39m]: A user connected via Socket.IO
2025-09-01 12:46:47 [[32minfo[39m]: A user disconnected
2025-09-01 12:51:21 [[32minfo[39m]: Server running on port 3000
2025-09-01 12:51:22 [[32minfo[39m]: Database connected successfully
2025-09-01 12:51:22 [[32minfo[39m]: A user connected via Socket.IO
2025-09-01 12:51:22 [[32minfo[39m]: A user connected via Socket.IO
2025-09-01 12:51:22 [[32minfo[39m]: A user connected via Socket.IO
2025-09-01 12:51:25 [[32minfo[39m]: A user disconnected
2025-09-01 12:51:25 [[32minfo[39m]: A user connected via Socket.IO
2025-09-01 12:51:26 [[32minfo[39m]: A user disconnected
2025-09-01 12:51:26 [[32minfo[39m]: A user connected via Socket.IO
2025-09-01 12:51:26 [[32minfo[39m]: A user disconnected
2025-09-01 12:51:27 [[32minfo[39m]: A user connected via Socket.IO
2025-09-01 12:51:27 [[32minfo[39m]: A user connected via Socket.IO
2025-09-01 12:51:27 [[32minfo[39m]: A user disconnected
2025-09-01 12:51:27 [[32minfo[39m]: A user connected via Socket.IO
2025-09-01 12:51:27 [[32minfo[39m]: A user connected via Socket.IO
2025-09-01 12:52:09 [[32minfo[39m]: A user disconnected
2025-09-01 12:52:09 [[32minfo[39m]: A user disconnected
2025-09-01 12:53:52 [[32minfo[39m]: Server running on port 3000
2025-09-01 12:53:53 [[32minfo[39m]: Database connected successfully
2025-09-01 12:53:59 [[32minfo[39m]: A user connected via Socket.IO
2025-09-01 12:53:59 [[32minfo[39m]: A user connected via Socket.IO
2025-09-01 12:53:59 [[32minfo[39m]: A user connected via Socket.IO
2025-09-01 12:56:46 [[32minfo[39m]: A user disconnected
2025-09-01 12:56:47 [[32minfo[39m]: A user connected via Socket.IO
2025-09-01 12:57:56 [[32minfo[39m]: Server running on port 3000
2025-09-01 12:57:57 [[32minfo[39m]: Database connected successfully
2025-09-01 12:57:57 [[32minfo[39m]: A user connected via Socket.IO
2025-09-01 12:57:57 [[32minfo[39m]: A user connected via Socket.IO
2025-09-01 12:57:57 [[32minfo[39m]: A user connected via Socket.IO
2025-09-01 12:57:58 [[32minfo[39m]: Server running on port 3000
2025-09-01 12:57:59 [[32minfo[39m]: Database connected successfully
2025-09-01 12:58:00 [[32minfo[39m]: A user connected via Socket.IO
2025-09-01 12:58:00 [[32minfo[39m]: A user connected via Socket.IO
2025-09-01 12:58:00 [[32minfo[39m]: A user connected via Socket.IO
2025-09-01 12:58:07 [[32minfo[39m]: A user disconnected
2025-09-01 12:58:07 [[32minfo[39m]: A user connected via Socket.IO
2025-09-01 12:58:08 [[32minfo[39m]: A user disconnected
2025-09-01 12:58:28 [[32minfo[39m]: Server running on port 3000
2025-09-01 12:58:28 [[32minfo[39m]: A user connected via Socket.IO
2025-09-01 12:58:28 [[32minfo[39m]: Database connected successfully
2025-09-01 12:58:29 [[32minfo[39m]: A user connected via Socket.IO
2025-09-01 12:58:33 [[32minfo[39m]: A user disconnected
2025-09-01 12:58:33 [[32minfo[39m]: A user connected via Socket.IO
2025-09-01 12:59:35 [[32minfo[39m]: Server running on port 3000
2025-09-01 12:59:36 [[32minfo[39m]: Database connected successfully
2025-09-01 12:59:36 [[32minfo[39m]: A user connected via Socket.IO
2025-09-01 12:59:36 [[32minfo[39m]: A user connected via Socket.IO
2025-09-01 12:59:55 [[32minfo[39m]: A user disconnected
2025-09-01 12:59:55 [[32minfo[39m]: A user connected via Socket.IO
2025-09-01 13:01:02 [[32minfo[39m]: Server running on port 3000
2025-09-01 13:01:02 [[32minfo[39m]: Database connected successfully
2025-09-01 13:01:04 [[32minfo[39m]: A user connected via Socket.IO
2025-09-01 13:01:05 [[32minfo[39m]: A user disconnected
2025-09-01 13:01:06 [[32minfo[39m]: A user connected via Socket.IO
2025-09-01 13:04:04 [[32minfo[39m]: Server running on port 3000
2025-09-01 13:04:05 [[32minfo[39m]: Database connected successfully
2025-09-01 13:04:05 [[32minfo[39m]: A user connected via Socket.IO
2025-09-01 13:04:09 [[32minfo[39m]: A user disconnected
2025-09-01 13:04:09 [[32minfo[39m]: A user connected via Socket.IO
2025-09-01 13:04:10 [[32minfo[39m]: A user disconnected
2025-09-01 13:04:10 [[32minfo[39m]: A user connected via Socket.IO
2025-09-01 13:05:23 [[32minfo[39m]: A user disconnected
2025-09-01 13:05:23 [[32minfo[39m]: A user connected via Socket.IO
2025-09-01 13:05:32 [[32minfo[39m]: A user disconnected
2025-09-01 13:05:32 [[32minfo[39m]: A user connected via Socket.IO
2025-09-01 13:08:27 [[32minfo[39m]: Server running on port 3000
2025-09-01 13:08:27 [[32minfo[39m]: Database connected successfully
2025-09-01 13:08:28 [[32minfo[39m]: A user connected via Socket.IO
2025-09-01 13:08:29 [[32minfo[39m]: A user disconnected
2025-09-01 13:08:29 [[32minfo[39m]: A user connected via Socket.IO
2025-09-01 13:08:30 [[32minfo[39m]: A user disconnected
2025-09-01 13:08:30 [[32minfo[39m]: A user connected via Socket.IO
2025-09-01 13:08:45 [[32minfo[39m]: Server running on port 3000
2025-09-01 13:08:45 [[32minfo[39m]: A user connected via Socket.IO
2025-09-01 13:08:45 [[32minfo[39m]: Database connected successfully
2025-09-01 13:08:52 [[32minfo[39m]: A user disconnected
2025-09-01 13:08:52 [[32minfo[39m]: A user connected via Socket.IO
2025-09-01 13:09:04 [[32minfo[39m]: A user disconnected
2025-09-01 13:09:04 [[32minfo[39m]: A user connected via Socket.IO
2025-09-01 13:10:13 [[32minfo[39m]: A user disconnected
2025-09-01 13:10:14 [[32minfo[39m]: A user connected via Socket.IO
2025-09-01 13:15:00 [[32minfo[39m]: A user disconnected
2025-09-01 13:15:00 [[32minfo[39m]: A user connected via Socket.IO
2025-09-01 13:15:06 [[32minfo[39m]: A user disconnected
2025-09-01 13:15:06 [[32minfo[39m]: A user connected via Socket.IO
2025-09-01 13:15:07 [[32minfo[39m]: A user disconnected
2025-09-01 13:15:07 [[32minfo[39m]: A user connected via Socket.IO
2025-09-01 13:20:58 [[32minfo[39m]: Server running on port 3000
2025-09-01 13:20:59 [[32minfo[39m]: Database connected successfully
2025-09-01 13:20:59 [[32minfo[39m]: A user connected via Socket.IO
2025-09-01 13:21:04 [[32minfo[39m]: A user connected via Socket.IO
2025-09-01 13:21:07 [[32minfo[39m]: A user disconnected
2025-09-01 13:21:07 [[32minfo[39m]: A user connected via Socket.IO
2025-09-01 13:22:00 [[32minfo[39m]: A user disconnected
2025-09-01 13:22:01 [[32minfo[39m]: A user connected via Socket.IO
2025-09-01 13:22:20 [[32minfo[39m]: A user disconnected
2025-09-01 13:22:21 [[32minfo[39m]: A user connected via Socket.IO
2025-09-01 13:26:55 [[32minfo[39m]: A user disconnected
2025-09-01 13:26:55 [[32minfo[39m]: A user connected via Socket.IO
2025-09-01 13:26:56 [[32minfo[39m]: A user disconnected
2025-09-01 13:26:57 [[32minfo[39m]: A user connected via Socket.IO
2025-09-01 13:26:57 [[32minfo[39m]: A user disconnected
2025-09-01 13:26:58 [[32minfo[39m]: A user connected via Socket.IO
2025-09-01 13:27:09 [[32minfo[39m]: A user disconnected
2025-09-01 13:27:10 [[32minfo[39m]: A user connected via Socket.IO
2025-09-01 13:27:58 [[32minfo[39m]: Server running on port 3000
2025-09-01 13:27:59 [[32minfo[39m]: A user connected via Socket.IO
2025-09-01 13:27:59 [[32minfo[39m]: A user connected via Socket.IO
2025-09-01 13:27:59 [[32minfo[39m]: Database connected successfully
2025-09-01 13:38:12 [[32minfo[39m]: Server running on port 3000
2025-09-01 13:38:12 [[32minfo[39m]: A user connected via Socket.IO
2025-09-01 13:38:12 [[32minfo[39m]: A user connected via Socket.IO
2025-09-01 13:38:12 [[32minfo[39m]: Database connected successfully
2025-09-01 13:41:32 [[32minfo[39m]: Server running on port 3000
2025-09-01 13:41:34 [[32minfo[39m]: Server running on port 3000
2025-09-01 13:41:35 [[32minfo[39m]: Database connected successfully
2025-09-01 13:41:36 [[32minfo[39m]: Server running on port 3000
2025-09-01 13:41:37 [[32minfo[39m]: A user connected via Socket.IO
2025-09-01 13:41:37 [[32minfo[39m]: Database connected successfully
2025-09-01 13:41:38 [[32minfo[39m]: Server running on port 3000
2025-09-01 13:41:39 [[32minfo[39m]: A user connected via Socket.IO
2025-09-01 13:41:39 [[32minfo[39m]: A user connected via Socket.IO
2025-09-01 13:41:39 [[32minfo[39m]: Database connected successfully
2025-09-01 13:41:41 [[32minfo[39m]: Server running on port 3000
2025-09-01 13:41:41 [[32minfo[39m]: A user connected via Socket.IO
2025-09-01 13:41:41 [[32minfo[39m]: A user connected via Socket.IO
2025-09-01 13:41:41 [[32minfo[39m]: Database connected successfully
2025-09-01 13:42:02 [[32minfo[39m]: A user disconnected
2025-09-01 13:42:53 [[32minfo[39m]: Server running on port 3000
2025-09-01 13:42:53 [[32minfo[39m]: Database connected successfully
2025-09-01 13:42:54 [[32minfo[39m]: A user connected via Socket.IO
2025-09-01 13:43:02 [[32minfo[39m]: Server running on port 3000
2025-09-01 13:43:02 [[32minfo[39m]: Database connected successfully
2025-09-01 13:43:03 [[32minfo[39m]: A user connected via Socket.IO
2025-09-01 13:43:12 [[32minfo[39m]: Server running on port 3000
2025-09-01 13:43:13 [[32minfo[39m]: Database connected successfully
2025-09-01 13:43:13 [[32minfo[39m]: A user connected via Socket.IO
2025-09-01 13:43:38 [[32minfo[39m]: Server running on port 3000
2025-09-01 13:43:39 [[32minfo[39m]: A user connected via Socket.IO
2025-09-01 13:43:39 [[32minfo[39m]: Database connected successfully
2025-09-01 13:44:08 [[32minfo[39m]: Server running on port 3000
2025-09-01 13:44:08 [[32minfo[39m]: A user connected via Socket.IO
2025-09-01 13:44:09 [[32minfo[39m]: Database connected successfully
2025-09-01 13:44:20 [[32minfo[39m]: Server running on port 3000
2025-09-01 13:44:20 [[32minfo[39m]: Database connected successfully
2025-09-01 13:44:21 [[32minfo[39m]: A user connected via Socket.IO
2025-09-01 13:46:22 [[32minfo[39m]: Server running on port 3000
2025-09-01 13:46:23 [[32minfo[39m]: Database connected successfully
2025-09-01 13:46:23 [[32minfo[39m]: A user connected via Socket.IO
2025-09-01 13:47:07 [[32minfo[39m]: Server running on port 3000
2025-09-01 13:47:08 [[32minfo[39m]: Database connected successfully
2025-09-01 13:47:08 [[32minfo[39m]: A user connected via Socket.IO
2025-09-01 13:47:17 [[32minfo[39m]: Server running on port 3000
2025-09-01 13:47:17 [[32minfo[39m]: Database connected successfully
2025-09-01 13:47:19 [[32minfo[39m]: A user connected via Socket.IO
2025-09-01 13:48:00 [[32minfo[39m]: Server running on port 3000
2025-09-01 13:48:00 [[32minfo[39m]: Database connected successfully
2025-09-01 13:48:01 [[32minfo[39m]: A user connected via Socket.IO
2025-09-01 13:49:16 [[32minfo[39m]: Server running on port 3000
2025-09-01 13:49:17 [[32minfo[39m]: Database connected successfully
2025-09-01 13:49:18 [[32minfo[39m]: A user connected via Socket.IO
2025-09-01 13:49:52 [[32minfo[39m]: Server running on port 3000
2025-09-01 13:49:53 [[32minfo[39m]: Database connected successfully
2025-09-01 13:49:53 [[32minfo[39m]: A user connected via Socket.IO
2025-09-01 13:50:25 [[32minfo[39m]: Server running on port 3000
2025-09-01 13:50:26 [[32minfo[39m]: Database connected successfully
2025-09-01 13:50:26 [[32minfo[39m]: A user connected via Socket.IO
2025-09-01 13:51:01 [[32minfo[39m]: Server running on port 3000
2025-09-01 13:51:02 [[32minfo[39m]: Database connected successfully
2025-09-01 13:51:02 [[32minfo[39m]: A user connected via Socket.IO
2025-09-01 13:53:43 [[32minfo[39m]: A user disconnected
2025-09-01 14:06:23 [[32minfo[39m]: Server running on port 3000
2025-09-01 14:06:23 [[32minfo[39m]: Database connected successfully
2025-09-01 14:06:31 [[32minfo[39m]: A user connected via Socket.IO
2025-09-01 14:06:33 [[32minfo[39m]: A user connected via Socket.IO
2025-09-01 14:11:12 [[32minfo[39m]: A user connected via Socket.IO
2025-09-01 14:11:14 [[32minfo[39m]: A user connected via Socket.IO
2025-09-01 14:11:20 [[32minfo[39m]: A user disconnected
2025-09-01 14:12:45 [[32minfo[39m]: Server running on port 3000
2025-09-01 14:12:46 [[32minfo[39m]: Database connected successfully
2025-09-01 14:12:47 [[32minfo[39m]: A user connected via Socket.IO
2025-09-01 14:12:47 [[32minfo[39m]: A user connected via Socket.IO
2025-09-01 14:12:47 [[32minfo[39m]: A user connected via Socket.IO
2025-09-01 14:13:01 [[32minfo[39m]: Server running on port 3000
2025-09-01 14:13:01 [[32minfo[39m]: A user connected via Socket.IO
2025-09-01 14:13:02 [[32minfo[39m]: Database connected successfully
2025-09-01 14:13:02 [[32minfo[39m]: A user connected via Socket.IO
2025-09-01 14:13:02 [[32minfo[39m]: A user connected via Socket.IO
2025-09-01 14:13:13 [[32minfo[39m]: Server running on port 3000
2025-09-01 14:13:14 [[32minfo[39m]: Database connected successfully
2025-09-01 14:13:14 [[32minfo[39m]: A user connected via Socket.IO
2025-09-01 14:13:14 [[32minfo[39m]: A user connected via Socket.IO
2025-09-01 14:13:14 [[32minfo[39m]: A user connected via Socket.IO
2025-09-01 14:14:15 [[32minfo[39m]: Server running on port 3000
2025-09-01 14:14:16 [[32minfo[39m]: Database connected successfully
2025-09-01 14:14:16 [[32minfo[39m]: A user connected via Socket.IO
2025-09-01 14:14:16 [[32minfo[39m]: A user connected via Socket.IO
2025-09-01 14:14:17 [[32minfo[39m]: A user connected via Socket.IO
2025-09-01 14:17:00 [[32minfo[39m]: Server running on port 3000
2025-09-01 14:17:01 [[32minfo[39m]: Database connected successfully
2025-09-01 14:17:01 [[32minfo[39m]: A user connected via Socket.IO
2025-09-01 14:17:01 [[32minfo[39m]: A user connected via Socket.IO
2025-09-01 14:17:01 [[32minfo[39m]: A user connected via Socket.IO
2025-09-01 14:17:53 [[32minfo[39m]: Server running on port 3000
2025-09-01 14:17:54 [[32minfo[39m]: Database connected successfully
2025-09-01 14:17:54 [[32minfo[39m]: A user connected via Socket.IO
2025-09-01 14:17:54 [[32minfo[39m]: A user connected via Socket.IO
2025-09-01 14:17:54 [[32minfo[39m]: A user connected via Socket.IO
2025-09-01 14:17:59 [[32minfo[39m]: A user connected via Socket.IO
2025-09-01 14:18:00 [[32minfo[39m]: A user disconnected
2025-09-01 14:18:00 [[32minfo[39m]: A user connected via Socket.IO
2025-09-01 14:19:11 [[32minfo[39m]: Server running on port 3000
2025-09-01 14:19:12 [[32minfo[39m]: Database connected successfully
2025-09-01 14:19:12 [[32minfo[39m]: A user connected via Socket.IO
2025-09-01 14:19:12 [[32minfo[39m]: A user connected via Socket.IO
2025-09-01 14:19:12 [[32minfo[39m]: A user connected via Socket.IO
2025-09-01 14:19:12 [[32minfo[39m]: A user connected via Socket.IO
2025-09-01 14:19:26 [[32minfo[39m]: Server running on port 3000
2025-09-01 14:19:26 [[32minfo[39m]: A user connected via Socket.IO
2025-09-01 14:19:27 [[32minfo[39m]: Database connected successfully
2025-09-01 14:19:27 [[32minfo[39m]: A user connected via Socket.IO
2025-09-01 14:19:27 [[32minfo[39m]: A user connected via Socket.IO
2025-09-01 14:19:27 [[32minfo[39m]: A user connected via Socket.IO
2025-09-01 14:19:40 [[32minfo[39m]: Server running on port 3000
2025-09-01 14:19:41 [[32minfo[39m]: Database connected successfully
2025-09-01 14:19:41 [[32minfo[39m]: A user connected via Socket.IO
2025-09-01 14:19:41 [[32minfo[39m]: A user connected via Socket.IO
2025-09-01 14:19:41 [[32minfo[39m]: A user connected via Socket.IO
2025-09-01 14:19:40 [[32minfo[39m]: A user connected via Socket.IO
2025-09-01 14:19:50 [[32minfo[39m]: Server running on port 3000
2025-09-01 14:19:51 [[32minfo[39m]: Database connected successfully
2025-09-01 14:19:51 [[32minfo[39m]: A user connected via Socket.IO
2025-09-01 14:19:51 [[32minfo[39m]: A user connected via Socket.IO
2025-09-01 14:19:51 [[32minfo[39m]: A user connected via Socket.IO
2025-09-01 14:19:52 [[32minfo[39m]: A user connected via Socket.IO
2025-09-01 14:19:56 [[32minfo[39m]: A user disconnected
2025-09-01 14:19:56 [[32minfo[39m]: A user connected via Socket.IO
2025-09-01 14:20:04 [[32minfo[39m]: A user disconnected
2025-09-01 14:20:05 [[32minfo[39m]: A user connected via Socket.IO
2025-09-01 14:20:07 [[32minfo[39m]: A user disconnected
2025-09-01 14:20:15 [[32minfo[39m]: A user connected via Socket.IO
2025-09-01 14:20:17 [[32minfo[39m]: A user disconnected
2025-09-01 14:24:06 [[32minfo[39m]: A user disconnected
2025-09-01 14:25:31 [[32minfo[39m]: A user disconnected
2025-09-01 14:25:36 [[32minfo[39m]: A user disconnected
2025-09-01 14:46:51 [[32minfo[39m]: Server running on port 3000
2025-09-01 14:46:52 [[32minfo[39m]: Database connected successfully
2025-09-01 14:47:14 [[32minfo[39m]: A user connected via Socket.IO
2025-09-01 14:47:15 [[32minfo[39m]: A user connected via Socket.IO
2025-09-01 14:47:16 [[32minfo[39m]: A user connected via Socket.IO
2025-09-01 14:47:17 [[32minfo[39m]: A user connected via Socket.IO
2025-09-01 14:47:18 [[32minfo[39m]: A user disconnected
2025-09-01 14:47:18 [[32minfo[39m]: A user disconnected
2025-09-01 14:47:18 [[32minfo[39m]: A user disconnected
2025-09-01 14:47:19 [[32minfo[39m]: A user disconnected
2025-09-01 14:47:19 [[32minfo[39m]: A user connected via Socket.IO
2025-09-01 14:47:20 [[32minfo[39m]: A user disconnected
2025-09-01 14:47:20 [[32minfo[39m]: A user connected via Socket.IO
2025-09-01 14:47:21 [[32minfo[39m]: A user disconnected
2025-09-01 14:47:21 [[32minfo[39m]: A user connected via Socket.IO
2025-09-01 14:47:23 [[32minfo[39m]: A user disconnected
2025-09-01 14:47:32 [[32minfo[39m]: A user connected via Socket.IO
2025-09-01 14:47:35 [[32minfo[39m]: A user disconnected
2025-09-01 14:47:35 [[32minfo[39m]: A user connected via Socket.IO
2025-09-01 14:48:23 [[32minfo[39m]: A user disconnected
2025-09-01 14:48:24 [[32minfo[39m]: A user connected via Socket.IO
2025-09-01 14:49:24 [[32minfo[39m]: Server running on port 3000
2025-09-01 14:49:25 [[32minfo[39m]: Database connected successfully
2025-09-01 14:49:25 [[32minfo[39m]: A user connected via Socket.IO
2025-09-01 14:49:28 [[32minfo[39m]: A user disconnected
2025-09-01 14:49:28 [[32minfo[39m]: A user connected via Socket.IO
2025-09-01 14:49:43 [[32minfo[39m]: Server running on port 3000
2025-09-01 14:49:43 [[32minfo[39m]: A user connected via Socket.IO
2025-09-01 14:49:43 [[32minfo[39m]: Database connected successfully
2025-09-01 14:49:49 [[32minfo[39m]: A user disconnected
2025-09-01 14:49:49 [[32minfo[39m]: A user connected via Socket.IO
2025-09-01 14:54:19 [[32minfo[39m]: Server running on port 3000
2025-09-01 14:54:20 [[32minfo[39m]: A user connected via Socket.IO
2025-09-01 14:54:20 [[32minfo[39m]: Database connected successfully
2025-09-01 14:54:22 [[32minfo[39m]: A user disconnected
2025-09-01 14:54:22 [[32minfo[39m]: A user connected via Socket.IO
2025-09-01 14:54:25 [[32minfo[39m]: A user disconnected
2025-09-01 14:54:26 [[32minfo[39m]: A user connected via Socket.IO
2025-09-01 14:55:47 [[32minfo[39m]: Server running on port 3000
2025-09-01 14:55:48 [[32minfo[39m]: Database connected successfully
2025-09-01 14:55:48 [[32minfo[39m]: A user connected via Socket.IO
2025-09-01 14:55:51 [[32minfo[39m]: A user disconnected
2025-09-01 14:55:51 [[32minfo[39m]: A user connected via Socket.IO
2025-09-01 14:55:53 [[32minfo[39m]: A user disconnected
2025-09-01 14:55:54 [[32minfo[39m]: A user connected via Socket.IO
2025-09-01 14:55:54 [[32minfo[39m]: A user disconnected
2025-09-01 14:55:55 [[32minfo[39m]: A user connected via Socket.IO
2025-09-01 14:55:55 [[32minfo[39m]: A user disconnected
2025-09-01 14:55:56 [[32minfo[39m]: A user connected via Socket.IO
2025-09-01 14:55:56 [[32minfo[39m]: A user disconnected
2025-09-01 14:55:57 [[32minfo[39m]: A user connected via Socket.IO
2025-09-01 14:55:57 [[32minfo[39m]: A user disconnected
2025-09-01 14:55:57 [[32minfo[39m]: A user connected via Socket.IO
2025-09-01 14:56:44 [[32minfo[39m]: Server running on port 3000
2025-09-01 14:56:45 [[32minfo[39m]: A user connected via Socket.IO
2025-09-01 14:56:45 [[32minfo[39m]: Database connected successfully
2025-09-01 14:56:53 [[32minfo[39m]: A user disconnected
2025-09-01 14:56:53 [[32minfo[39m]: A user connected via Socket.IO
2025-09-01 14:56:56 [[32minfo[39m]: A user disconnected
2025-09-01 14:56:56 [[32minfo[39m]: A user connected via Socket.IO
2025-09-01 14:56:57 [[32minfo[39m]: A user disconnected
2025-09-01 14:56:57 [[32minfo[39m]: A user connected via Socket.IO
2025-09-01 14:57:28 [[32minfo[39m]: Server running on port 3000
2025-09-01 14:57:29 [[32minfo[39m]: A user connected via Socket.IO
2025-09-01 14:57:29 [[32minfo[39m]: Database connected successfully
2025-09-01 14:57:31 [[32minfo[39m]: A user disconnected
2025-09-01 14:57:31 [[32minfo[39m]: A user connected via Socket.IO
2025-09-01 15:02:39 [[32minfo[39m]: A user disconnected
2025-09-01 15:02:39 [[32minfo[39m]: A user connected via Socket.IO
2025-09-01 15:02:51 [[32minfo[39m]: A user disconnected
2025-09-01 15:02:51 [[32minfo[39m]: A user connected via Socket.IO
2025-09-01 15:02:52 [[32minfo[39m]: A user disconnected
2025-09-01 15:02:52 [[32minfo[39m]: A user connected via Socket.IO
2025-09-01 15:02:53 [[32minfo[39m]: A user disconnected
2025-09-01 15:02:53 [[32minfo[39m]: A user connected via Socket.IO
2025-09-01 15:02:54 [[32minfo[39m]: A user disconnected
2025-09-01 15:02:54 [[32minfo[39m]: A user connected via Socket.IO
2025-09-01 15:03:24 [[32minfo[39m]: A user disconnected
2025-09-01 15:03:25 [[32minfo[39m]: A user connected via Socket.IO
2025-09-01 15:03:25 [[32minfo[39m]: A user disconnected
2025-09-01 15:03:26 [[32minfo[39m]: A user connected via Socket.IO
2025-09-01 15:03:26 [[32minfo[39m]: A user disconnected
2025-09-01 15:03:27 [[32minfo[39m]: A user connected via Socket.IO
2025-09-01 15:03:27 [[32minfo[39m]: A user disconnected
2025-09-01 15:03:28 [[32minfo[39m]: A user connected via Socket.IO
2025-09-01 15:03:28 [[32minfo[39m]: A user disconnected
2025-09-01 15:03:28 [[32minfo[39m]: A user connected via Socket.IO
2025-09-01 15:03:29 [[32minfo[39m]: A user disconnected
2025-09-01 15:03:29 [[32minfo[39m]: A user connected via Socket.IO
2025-09-01 15:04:47 [[32minfo[39m]: A user disconnected
2025-09-01 15:04:47 [[32minfo[39m]: A user connected via Socket.IO
2025-09-01 15:05:04 [[32minfo[39m]: A user connected via Socket.IO
2025-09-01 15:05:06 [[32minfo[39m]: A user disconnected
2025-09-01 15:05:06 [[32minfo[39m]: A user connected via Socket.IO
2025-09-01 15:05:07 [[32minfo[39m]: A user disconnected
2025-09-01 15:05:07 [[32minfo[39m]: A user connected via Socket.IO
2025-09-01 15:05:08 [[32minfo[39m]: A user disconnected
2025-09-01 15:05:08 [[32minfo[39m]: A user connected via Socket.IO
2025-09-01 15:05:24 [[32minfo[39m]: A user disconnected
2025-09-01 15:05:35 [[32minfo[39m]: A user connected via Socket.IO
2025-09-01 15:05:36 [[32minfo[39m]: A user disconnected
2025-09-01 15:05:36 [[32minfo[39m]: A user connected via Socket.IO
2025-09-01 15:05:46 [[32minfo[39m]: A user disconnected
2025-09-01 15:06:47 [[32minfo[39m]: Server running on port 3000
2025-09-01 15:06:48 [[32minfo[39m]: A user connected via Socket.IO
2025-09-01 15:06:48 [[32minfo[39m]: Database connected successfully
2025-09-01 15:07:19 [[32minfo[39m]: A user connected via Socket.IO
