2025-08-31 13:26:17 [[32minfo[39m]: Server running on port 3000
2025-08-31 13:26:18 [[32minfo[39m]: Database connected successfully
2025-08-31 13:28:01 [[32minfo[39m]: Server running on port 3000
2025-08-31 13:28:02 [[32minfo[39m]: Database connected successfully
2025-08-31 13:28:06 [[31merror[39m]: unhandledRejection: Cannot read properties of undefined (reading '$disconnect')
TypeError: Cannot read properties of undefined (reading '$disconnect')
    at process.<anonymous> (/home/youssef/work/polaroid-wall/backend/config/server.js:69:16)
    at process.emit (node:events:519:28)
2025-08-31 13:28:06 [[31merror[39m]: unhandledRejection: Cannot read properties of undefined (reading '$disconnect')
TypeError: Cannot read properties of undefined (reading '$disconnect')
    at process.<anonymous> (/home/youssef/work/polaroid-wall/backend/config/server.js:69:16)
    at process.emit (node:events:519:28)
2025-08-31 13:28:06 [[31merror[39m]: unhandledRejection: Cannot read properties of undefined (reading '$disconnect')
TypeError: Cannot read properties of undefined (reading '$disconnect')
    at process.<anonymous> (/home/youssef/work/polaroid-wall/backend/config/server.js:69:16)
    at process.emit (node:events:519:28)
2025-08-31 13:28:08 [[31merror[39m]: unhandledRejection: Cannot read properties of undefined (reading '$disconnect')
TypeError: Cannot read properties of undefined (reading '$disconnect')
    at process.<anonymous> (/home/youssef/work/polaroid-wall/backend/config/server.js:69:16)
    at process.emit (node:events:519:28)
2025-08-31 13:31:59 [[32minfo[39m]: Server running on port 3000
2025-08-31 13:32:00 [[32minfo[39m]: Database connected successfully
2025-08-31 13:32:49 [[32minfo[39m]: Server running on port 3000
2025-08-31 13:32:50 [[32minfo[39m]: Database connected successfully
2025-08-31 13:32:52 [[32minfo[39m]: Server running on port 3000
2025-08-31 13:32:53 [[32minfo[39m]: Database connected successfully
2025-08-31 13:33:16 [[32minfo[39m]: Server running on port 3000
2025-08-31 13:33:17 [[32minfo[39m]: Database connected successfully
2025-08-31 13:34:29 [[32minfo[39m]: Server running on port 3000
2025-08-31 13:34:29 [[32minfo[39m]: Database connected successfully
2025-08-31 13:35:01 [[32minfo[39m]: Server running on port 3000
2025-08-31 13:35:01 [[32minfo[39m]: Database connected successfully
2025-08-31 13:35:30 [[32minfo[39m]: Server running on port 3000
2025-08-31 13:35:30 [[32minfo[39m]: Database connected successfully
2025-08-31 13:37:24 [[32minfo[39m]: Server running on port 3000
2025-08-31 13:37:25 [[32minfo[39m]: Database connected successfully
2025-08-31 13:38:30 [[32minfo[39m]: Server running on port 3000
2025-08-31 13:38:31 [[32minfo[39m]: Database connected successfully
2025-08-31 13:39:16 [[32minfo[39m]: Server running on port 3000
2025-08-31 13:39:16 [[32minfo[39m]: Database connected successfully
2025-08-31 13:40:03 [[32minfo[39m]: Server running on port 3000
2025-08-31 13:40:04 [[32minfo[39m]: Database connected successfully
2025-08-31 13:40:33 [[32minfo[39m]: Server running on port 3000
2025-08-31 13:40:33 [[32minfo[39m]: Database connected successfully
2025-08-31 13:42:50 [[32minfo[39m]: Server running on port 3000
2025-08-31 13:42:50 [[32minfo[39m]: Database connected successfully
2025-08-31 13:43:11 [[32minfo[39m]: Server running on port 3000
2025-08-31 13:43:12 [[32minfo[39m]: Database connected successfully
2025-08-31 13:48:58 [[32minfo[39m]: Server running on port 3000
2025-08-31 13:48:59 [[32minfo[39m]: Database connected successfully
2025-08-31 13:49:19 [[32minfo[39m]: Server running on port 3000
2025-08-31 13:49:20 [[32minfo[39m]: Database connected successfully
2025-08-31 13:52:42 [[31merror[39m]: unhandledRejection: Cannot read properties of undefined (reading '$disconnect')
TypeError: Cannot read properties of undefined (reading '$disconnect')
    at process.<anonymous> (/home/youssef/work/polaroid-wall/backend/config/server.js:49:16)
    at process.emit (node:events:519:28)
2025-08-31 13:52:42 [[31merror[39m]: unhandledRejection: Cannot read properties of undefined (reading '$disconnect')
TypeError: Cannot read properties of undefined (reading '$disconnect')
    at process.<anonymous> (/home/youssef/work/polaroid-wall/backend/config/server.js:49:16)
    at process.emit (node:events:519:28)
2025-08-31 13:52:42 [[31merror[39m]: unhandledRejection: Cannot read properties of undefined (reading '$disconnect')
TypeError: Cannot read properties of undefined (reading '$disconnect')
    at process.<anonymous> (/home/youssef/work/polaroid-wall/backend/config/server.js:49:16)
    at process.emit (node:events:519:28)
2025-08-31 13:53:41 [[32minfo[39m]: Server running on port 3000
2025-08-31 13:53:42 [[32minfo[39m]: Database connected successfully
2025-08-31 13:55:10 [[32minfo[39m]: Server running on port 3000
2025-08-31 13:55:11 [[32minfo[39m]: Server running on port 3000
2025-08-31 13:55:11 [[32minfo[39m]: Database connected successfully
2025-08-31 13:56:53 [[32minfo[39m]: Server running on port 3000
2025-08-31 13:56:54 [[32minfo[39m]: Database connected successfully
2025-08-31 14:02:47 [[32minfo[39m]: Server running on port 3000
2025-08-31 14:02:48 [[32minfo[39m]: Database connected successfully
2025-08-31 14:04:05 [[32minfo[39m]: Server running on port 3000
2025-08-31 14:04:06 [[32minfo[39m]: Database connected successfully
2025-08-31 14:07:06 [[32minfo[39m]: Server running on port 3000
2025-08-31 14:07:07 [[32minfo[39m]: Database connected successfully
2025-08-31 14:07:37 [[32minfo[39m]: Server running on port 3000
2025-08-31 14:07:37 [[32minfo[39m]: Database connected successfully
2025-08-31 14:09:04 [[32minfo[39m]: Server running on port 3000
2025-08-31 14:09:04 [[32minfo[39m]: Database connected successfully
2025-08-31 14:11:53 [[32minfo[39m]: Server running on port 3000
2025-08-31 14:11:54 [[32minfo[39m]: Database connected successfully
2025-08-31 14:13:01 [[32minfo[39m]: Server running on port 3000
2025-08-31 14:13:01 [[32minfo[39m]: Database connected successfully
2025-08-31 14:19:59 [[32minfo[39m]: Server running on port 3000
2025-08-31 14:19:59 [[32minfo[39m]: Database connected successfully
2025-08-31 14:20:19 [[32minfo[39m]: Server running on port 3000
2025-08-31 14:20:20 [[32minfo[39m]: Database connected successfully
2025-08-31 14:20:23 [[32minfo[39m]: Server running on port 3000
2025-08-31 14:20:24 [[32minfo[39m]: Database connected successfully
2025-08-31 14:21:59 [[32minfo[39m]: Server running on port 3000
2025-08-31 14:22:00 [[32minfo[39m]: Database connected successfully
2025-08-31 14:23:18 [[32minfo[39m]: Server running on port 3000
2025-08-31 14:23:18 [[32minfo[39m]: Database connected successfully
2025-08-31 14:24:51 [[32minfo[39m]: Server running on port 3000
2025-08-31 14:24:51 [[32minfo[39m]: Database connected successfully
2025-08-31 14:26:07 [[32minfo[39m]: Server running on port 3000
2025-08-31 14:26:08 [[32minfo[39m]: Database connected successfully
2025-08-31 14:27:32 [[32minfo[39m]: Server running on port 3000
2025-08-31 14:27:33 [[32minfo[39m]: Database connected successfully
2025-08-31 14:27:45 [[32minfo[39m]: Server running on port 3000
2025-08-31 14:27:46 [[32minfo[39m]: Database connected successfully
2025-08-31 14:36:06 [[32minfo[39m]: Server running on port 3000
2025-08-31 14:36:07 [[32minfo[39m]: Database connected successfully
2025-08-31 14:39:11 [[32minfo[39m]: Server running on port 3000
2025-08-31 14:39:12 [[32minfo[39m]: Database connected successfully
2025-08-31 14:39:52 [[32minfo[39m]: Server running on port 3000
2025-08-31 14:39:53 [[32minfo[39m]: Database connected successfully
2025-08-31 14:40:34 [[32minfo[39m]: Server running on port 3000
2025-08-31 14:40:35 [[32minfo[39m]: Database connected successfully
2025-08-31 14:40:44 [[32minfo[39m]: Server running on port 3000
2025-08-31 14:40:44 [[32minfo[39m]: Database connected successfully
2025-08-31 14:42:04 [[31merror[39m]: unhandledRejection: secretOrPrivateKey must have a value
Error: secretOrPrivateKey must have a value
    at module.exports [as sign] (/home/youssef/work/polaroid-wall/node_modules/jsonwebtoken/sign.js:111:20)
    at generateToken (/home/youssef/work/polaroid-wall/backend/utils/generateToken.js:7:14)
    at verifyOtp (/home/youssef/work/polaroid-wall/backend/routes/auth.controller.js:70:19)
2025-08-31 14:42:04 [[31merror[39m]: secretOrPrivateKey must have a value
2025-08-31 14:51:22 [[32minfo[39m]: Server running on port 3000
2025-08-31 14:51:23 [[32minfo[39m]: Database connected successfully
2025-08-31 14:52:52 [[32minfo[39m]: Server running on port 3000
2025-08-31 14:52:53 [[32minfo[39m]: Database connected successfully
2025-08-31 14:53:18 [[31merror[39m]: unhandledRejection: secretOrPrivateKey must have a value
Error: secretOrPrivateKey must have a value
    at module.exports [as sign] (/home/youssef/work/polaroid-wall/node_modules/jsonwebtoken/sign.js:111:20)
    at generateToken (/home/youssef/work/polaroid-wall/backend/utils/generateToken.js:7:14)
    at verifyOtp (/home/youssef/work/polaroid-wall/backend/routes/auth.controller.js:70:19)
2025-08-31 14:53:18 [[31merror[39m]: secretOrPrivateKey must have a value
2025-08-31 14:55:48 [[32minfo[39m]: Server running on port 3000
2025-08-31 14:55:48 [[32minfo[39m]: Database connected successfully
2025-08-31 15:02:04 [[32minfo[39m]: Server running on port 3000
2025-08-31 15:02:05 [[32minfo[39m]: Database connected successfully
2025-08-31 15:05:58 [[32minfo[39m]: Server running on port 3000
2025-08-31 15:06:03 [[32minfo[39m]: Database connected successfully
2025-08-31 15:10:09 [[32minfo[39m]: Server running on port 3000
2025-08-31 15:10:10 [[32minfo[39m]: Database connected successfully
2025-08-31 15:10:34 [[32minfo[39m]: Server running on port 3000
2025-08-31 15:10:34 [[32minfo[39m]: Database connected successfully
2025-08-31 15:11:27 [[32minfo[39m]: Server running on port 3000
2025-08-31 15:11:28 [[32minfo[39m]: Database connected successfully
2025-08-31 15:13:54 [[32minfo[39m]: Server running on port 3000
2025-08-31 15:13:54 [[32minfo[39m]: Database connected successfully
2025-08-31 15:14:06 [[32minfo[39m]: Server running on port 3000
2025-08-31 15:14:06 [[32minfo[39m]: Database connected successfully
2025-08-31 15:15:17 [[32minfo[39m]: Server running on port 3000
2025-08-31 15:15:17 [[32minfo[39m]: Database connected successfully
2025-08-31 15:15:47 [[32minfo[39m]: Server running on port 3000
2025-08-31 15:15:48 [[32minfo[39m]: Database connected successfully
2025-08-31 15:15:50 [[32minfo[39m]: Server running on port 3000
2025-08-31 15:15:51 [[32minfo[39m]: Database connected successfully
2025-08-31 15:29:44 [[32minfo[39m]: Server running on port 3000
2025-08-31 15:29:45 [[32minfo[39m]: Database connected successfully
2025-08-31 15:29:49 [[32minfo[39m]: Server running on port 3000
2025-08-31 15:29:49 [[32minfo[39m]: Database connected successfully
2025-08-31 15:31:25 [[32minfo[39m]: Server running on port 3000
2025-08-31 15:31:26 [[32minfo[39m]: Database connected successfully
2025-08-31 15:33:00 [[32minfo[39m]: Server running on port 3000
2025-08-31 15:33:01 [[32minfo[39m]: Database connected successfully
2025-08-31 15:35:04 [[32minfo[39m]: Server running on port 3000
2025-08-31 15:35:05 [[32minfo[39m]: Database connected successfully
2025-08-31 15:36:09 [[32minfo[39m]: Server running on port 3000
2025-08-31 15:36:09 [[32minfo[39m]: Database connected successfully
2025-08-31 15:36:24 [[32minfo[39m]: Server running on port 3000
2025-08-31 15:36:24 [[32minfo[39m]: Database connected successfully
2025-08-31 15:38:53 [[32minfo[39m]: Server running on port 3000
2025-08-31 15:38:54 [[32minfo[39m]: Database connected successfully
2025-08-31 15:42:53 [[32minfo[39m]: Server running on port 3000
2025-08-31 15:42:53 [[32minfo[39m]: Database connected successfully
2025-08-31 15:43:07 [[32minfo[39m]: Server running on port 3000
2025-08-31 15:43:08 [[32minfo[39m]: Database connected successfully
2025-08-31 15:43:16 [[32minfo[39m]: Server running on port 3000
2025-08-31 15:43:17 [[32minfo[39m]: Database connected successfully
2025-08-31 15:44:04 [[32minfo[39m]: Server running on port 3000
2025-08-31 15:44:05 [[32minfo[39m]: Database connected successfully
2025-08-31 15:44:36 [[32minfo[39m]: Server running on port 3000
2025-08-31 15:44:36 [[32minfo[39m]: Database connected successfully
2025-08-31 15:47:21 [[32minfo[39m]: Server running on port 3000
2025-08-31 15:47:21 [[32minfo[39m]: Database connected successfully
2025-08-31 15:48:50 [[32minfo[39m]: Server running on port 3000
2025-08-31 15:48:51 [[32minfo[39m]: Database connected successfully
2025-08-31 15:52:34 [[32minfo[39m]: Server running on port 3000
2025-08-31 15:52:35 [[32minfo[39m]: Database connected successfully
2025-08-31 15:52:51 [[32minfo[39m]: Server running on port 3000
2025-08-31 15:52:52 [[32minfo[39m]: Database connected successfully
2025-08-31 15:56:06 [[32minfo[39m]: Server running on port 3000
2025-08-31 15:56:07 [[32minfo[39m]: Database connected successfully
2025-08-31 19:01:52 [[32minfo[39m]: Server running on port 3000
2025-08-31 19:01:53 [[32minfo[39m]: Database connected successfully
2025-08-31 21:24:15 [[32minfo[39m]: Server running on port 3000
2025-08-31 21:24:15 [[32minfo[39m]: Database connected successfully
2025-08-31 21:32:07 [[32minfo[39m]: Server running on port 3000
2025-08-31 21:32:08 [[32minfo[39m]: Database connected successfully
2025-08-31 21:35:22 [[32minfo[39m]: Server running on port 3000
2025-08-31 21:35:23 [[32minfo[39m]: Database connected successfully
2025-08-31 21:55:22 [[32minfo[39m]: Server running on port 3000
2025-08-31 21:55:27 [[31merror[39m]: Database connection error: Can't reach database server at `aws-1-eu-north-1.pooler.supabase.com:5432`

Please make sure your database server is running at `aws-1-eu-north-1.pooler.supabase.com:5432`.
2025-08-31 21:56:15 [[32minfo[39m]: Server running on port 3000
2025-08-31 21:56:20 [[31merror[39m]: Database connection error: Can't reach database server at `aws-1-eu-north-1.pooler.supabase.com:5432`

Please make sure your database server is running at `aws-1-eu-north-1.pooler.supabase.com:5432`.
2025-08-31 21:56:57 [[32minfo[39m]: Server running on port 3000
2025-08-31 21:57:02 [[31merror[39m]: Database connection error: Can't reach database server at `aws-1-eu-north-1.pooler.supabase.com:5432`

Please make sure your database server is running at `aws-1-eu-north-1.pooler.supabase.com:5432`.
2025-08-31 21:57:37 [[32minfo[39m]: Server running on port 3000
2025-08-31 21:57:42 [[31merror[39m]: Database connection error: Can't reach database server at `aws-1-eu-north-1.pooler.supabase.com:5432`

Please make sure your database server is running at `aws-1-eu-north-1.pooler.supabase.com:5432`.
2025-08-31 21:59:39 [[32minfo[39m]: Server running on port 3000
2025-08-31 21:59:44 [[31merror[39m]: Database connection error: Can't reach database server at `aws-1-eu-north-1.pooler.supabase.com:5432`

Please make sure your database server is running at `aws-1-eu-north-1.pooler.supabase.com:5432`.
2025-08-31 21:59:47 [[32minfo[39m]: Server running on port 3000
2025-08-31 21:59:52 [[31merror[39m]: Database connection error: Can't reach database server at `aws-1-eu-north-1.pooler.supabase.com:5432`

Please make sure your database server is running at `aws-1-eu-north-1.pooler.supabase.com:5432`.
2025-08-31 22:47:53 [[32minfo[39m]: Server running on port 3000
2025-08-31 22:47:58 [[31merror[39m]: Database connection error: Can't reach database server at `aws-1-eu-north-1.pooler.supabase.com:5432`

Please make sure your database server is running at `aws-1-eu-north-1.pooler.supabase.com:5432`.
