2025-08-31 15:32:03 [[31merror[39m]: uncaughtException: router is not defined
ReferenceError: router is not defined
    at Object.<anonymous> (/home/youssef/work/polaroid-wall/backend/config/server.js:29:1)
    at Module._compile (node:internal/modules/cjs/loader:1706:14)
    at Object..js (node:internal/modules/cjs/loader:1839:10)
    at Module.load (node:internal/modules/cjs/loader:1441:32)
    at Function._load (node:internal/modules/cjs/loader:1263:12)
    at TracingChannel.traceSync (node:diagnostics_channel:322:14)
    at wrapModuleLoad (node:internal/modules/cjs/loader:237:24)
    at Module.require (node:internal/modules/cjs/loader:1463:12)
    at require (node:internal/modules/helpers:147:16)
    at Object.<anonymous> (/home/youssef/work/polaroid-wall/app.js:2:1)
2025-08-31 21:48:29 [[31merror[39m]: uncaughtException: path is not defined
ReferenceError: path is not defined
    at Object.<anonymous> (/home/youssef/work/polaroid-wall/backend/config/server.js:35:29)
    at Module._compile (node:internal/modules/cjs/loader:1706:14)
    at Object..js (node:internal/modules/cjs/loader:1839:10)
    at Module.load (node:internal/modules/cjs/loader:1441:32)
    at Function._load (node:internal/modules/cjs/loader:1263:12)
    at TracingChannel.traceSync (node:diagnostics_channel:322:14)
    at wrapModuleLoad (node:internal/modules/cjs/loader:237:24)
    at Module.require (node:internal/modules/cjs/loader:1463:12)
    at require (node:internal/modules/helpers:147:16)
    at Object.<anonymous> (/home/youssef/work/polaroid-wall/app.js:2:1)
2025-08-31 21:49:37 [[31merror[39m]: uncaughtException: path is not defined
ReferenceError: path is not defined
    at Object.<anonymous> (/home/youssef/work/polaroid-wall/backend/config/server.js:35:29)
    at Module._compile (node:internal/modules/cjs/loader:1706:14)
    at Object..js (node:internal/modules/cjs/loader:1839:10)
    at Module.load (node:internal/modules/cjs/loader:1441:32)
    at Function._load (node:internal/modules/cjs/loader:1263:12)
    at TracingChannel.traceSync (node:diagnostics_channel:322:14)
    at wrapModuleLoad (node:internal/modules/cjs/loader:237:24)
    at Module.require (node:internal/modules/cjs/loader:1463:12)
    at require (node:internal/modules/helpers:147:16)
    at Object.<anonymous> (/home/youssef/work/polaroid-wall/app.js:2:1)
2025-08-31 21:51:49 [[31merror[39m]: uncaughtException: path is not defined
ReferenceError: path is not defined
    at Object.<anonymous> (/home/youssef/work/polaroid-wall/backend/config/server.js:35:29)
    at Module._compile (node:internal/modules/cjs/loader:1706:14)
    at Object..js (node:internal/modules/cjs/loader:1839:10)
    at Module.load (node:internal/modules/cjs/loader:1441:32)
    at Function._load (node:internal/modules/cjs/loader:1263:12)
    at TracingChannel.traceSync (node:diagnostics_channel:322:14)
    at wrapModuleLoad (node:internal/modules/cjs/loader:237:24)
    at Module.require (node:internal/modules/cjs/loader:1463:12)
    at require (node:internal/modules/helpers:147:16)
    at Object.<anonymous> (/home/youssef/work/polaroid-wall/app.js:2:1)
2025-08-31 21:51:56 [[31merror[39m]: uncaughtException: path is not defined
ReferenceError: path is not defined
    at Object.<anonymous> (/home/youssef/work/polaroid-wall/backend/config/server.js:35:29)
    at Module._compile (node:internal/modules/cjs/loader:1706:14)
    at Object..js (node:internal/modules/cjs/loader:1839:10)
    at Module.load (node:internal/modules/cjs/loader:1441:32)
    at Function._load (node:internal/modules/cjs/loader:1263:12)
    at TracingChannel.traceSync (node:diagnostics_channel:322:14)
    at wrapModuleLoad (node:internal/modules/cjs/loader:237:24)
    at Module.require (node:internal/modules/cjs/loader:1463:12)
    at require (node:internal/modules/helpers:147:16)
    at Object.<anonymous> (/home/youssef/work/polaroid-wall/app.js:2:1)
2025-08-31 21:52:02 [[31merror[39m]: uncaughtException: path is not defined
ReferenceError: path is not defined
    at Object.<anonymous> (/home/youssef/work/polaroid-wall/backend/config/server.js:35:29)
    at Module._compile (node:internal/modules/cjs/loader:1706:14)
    at Object..js (node:internal/modules/cjs/loader:1839:10)
    at Module.load (node:internal/modules/cjs/loader:1441:32)
    at Function._load (node:internal/modules/cjs/loader:1263:12)
    at TracingChannel.traceSync (node:diagnostics_channel:322:14)
    at wrapModuleLoad (node:internal/modules/cjs/loader:237:24)
    at Module.require (node:internal/modules/cjs/loader:1463:12)
    at require (node:internal/modules/helpers:147:16)
    at Object.<anonymous> (/home/youssef/work/polaroid-wall/app.js:2:1)
2025-08-31 21:52:18 [[31merror[39m]: uncaughtException: path is not defined
ReferenceError: path is not defined
    at Object.<anonymous> (/home/youssef/work/polaroid-wall/backend/config/server.js:35:29)
    at Module._compile (node:internal/modules/cjs/loader:1706:14)
    at Object..js (node:internal/modules/cjs/loader:1839:10)
    at Module.load (node:internal/modules/cjs/loader:1441:32)
    at Function._load (node:internal/modules/cjs/loader:1263:12)
    at TracingChannel.traceSync (node:diagnostics_channel:322:14)
    at wrapModuleLoad (node:internal/modules/cjs/loader:237:24)
    at Module.require (node:internal/modules/cjs/loader:1463:12)
    at require (node:internal/modules/helpers:147:16)
    at Object.<anonymous> (/home/youssef/work/polaroid-wall/app.js:2:1)
2025-08-31 21:53:25 [[31merror[39m]: uncaughtException: path is not defined
ReferenceError: path is not defined
    at Object.<anonymous> (/home/youssef/work/polaroid-wall/backend/config/server.js:36:29)
    at Module._compile (node:internal/modules/cjs/loader:1706:14)
    at Object..js (node:internal/modules/cjs/loader:1839:10)
    at Module.load (node:internal/modules/cjs/loader:1441:32)
    at Function._load (node:internal/modules/cjs/loader:1263:12)
    at TracingChannel.traceSync (node:diagnostics_channel:322:14)
    at wrapModuleLoad (node:internal/modules/cjs/loader:237:24)
    at Module.require (node:internal/modules/cjs/loader:1463:12)
    at require (node:internal/modules/helpers:147:16)
    at Object.<anonymous> (/home/youssef/work/polaroid-wall/app.js:2:1)
