2025-08-31 13:28:06 [[31merror[39m]: unhandledRejection: Cannot read properties of undefined (reading '$disconnect')
TypeError: Cannot read properties of undefined (reading '$disconnect')
    at process.<anonymous> (/home/youssef/work/polaroid-wall/backend/config/server.js:69:16)
    at process.emit (node:events:519:28)
2025-08-31 13:28:06 [[31merror[39m]: unhandledRejection: Cannot read properties of undefined (reading '$disconnect')
TypeError: Cannot read properties of undefined (reading '$disconnect')
    at process.<anonymous> (/home/youssef/work/polaroid-wall/backend/config/server.js:69:16)
    at process.emit (node:events:519:28)
2025-08-31 13:28:06 [[31merror[39m]: unhandledRejection: Cannot read properties of undefined (reading '$disconnect')
TypeError: Cannot read properties of undefined (reading '$disconnect')
    at process.<anonymous> (/home/youssef/work/polaroid-wall/backend/config/server.js:69:16)
    at process.emit (node:events:519:28)
2025-08-31 13:28:08 [[31merror[39m]: unhandledRejection: Cannot read properties of undefined (reading '$disconnect')
TypeError: Cannot read properties of undefined (reading '$disconnect')
    at process.<anonymous> (/home/youssef/work/polaroid-wall/backend/config/server.js:69:16)
    at process.emit (node:events:519:28)
2025-08-31 13:52:42 [[31merror[39m]: unhandledRejection: Cannot read properties of undefined (reading '$disconnect')
TypeError: Cannot read properties of undefined (reading '$disconnect')
    at process.<anonymous> (/home/youssef/work/polaroid-wall/backend/config/server.js:49:16)
    at process.emit (node:events:519:28)
2025-08-31 13:52:42 [[31merror[39m]: unhandledRejection: Cannot read properties of undefined (reading '$disconnect')
TypeError: Cannot read properties of undefined (reading '$disconnect')
    at process.<anonymous> (/home/youssef/work/polaroid-wall/backend/config/server.js:49:16)
    at process.emit (node:events:519:28)
2025-08-31 13:52:42 [[31merror[39m]: unhandledRejection: Cannot read properties of undefined (reading '$disconnect')
TypeError: Cannot read properties of undefined (reading '$disconnect')
    at process.<anonymous> (/home/youssef/work/polaroid-wall/backend/config/server.js:49:16)
    at process.emit (node:events:519:28)
2025-08-31 14:42:04 [[31merror[39m]: unhandledRejection: secretOrPrivateKey must have a value
Error: secretOrPrivateKey must have a value
    at module.exports [as sign] (/home/youssef/work/polaroid-wall/node_modules/jsonwebtoken/sign.js:111:20)
    at generateToken (/home/youssef/work/polaroid-wall/backend/utils/generateToken.js:7:14)
    at verifyOtp (/home/youssef/work/polaroid-wall/backend/routes/auth.controller.js:70:19)
2025-08-31 14:53:18 [[31merror[39m]: unhandledRejection: secretOrPrivateKey must have a value
Error: secretOrPrivateKey must have a value
    at module.exports [as sign] (/home/youssef/work/polaroid-wall/node_modules/jsonwebtoken/sign.js:111:20)
    at generateToken (/home/youssef/work/polaroid-wall/backend/utils/generateToken.js:7:14)
    at verifyOtp (/home/youssef/work/polaroid-wall/backend/routes/auth.controller.js:70:19)
